<?xml version="1.0" encoding="UTF-8"?>
<!-- Generated by org.testng.reporters.JUnitXMLReporter -->
<testsuite ignored="0" hostname="LAPTOP-SAKML4AK" failures="0" tests="5" name="E2ETesting" time="20.741" errors="0" timestamp="2023-04-24T15:06:35 IST">
  <testcase classname="testcases.E2ETesting" name="loginToApplication" time="2.608"/>
  <testcase classname="testcases.E2ETesting" name="manageCourses" time="0.413"/>
  <testcase classname="testcases.E2ETesting" name="AddCourseTest" time="3.983"/>
  <testcase classname="testcases.E2ETesting" name="deleteCourseTest" time="2.106"/>
  <testcase classname="testcases.E2ETesting" name="signOutTest" time="0.604"/>
</testsuite> <!-- E2ETesting -->
