<?xml version="1.0" encoding="UTF-8"?>
<!-- Generated by org.testng.reporters.JUnitXMLReporter -->
<testsuite ignored="0" hostname="LAPTOP-SAKML4AK" failures="0" tests="5" name="Default test" time="23.14" errors="0" timestamp="2023-04-30T10:42:51 IST">
  <testcase classname="testcases.E2ETest" name="loginToApplication" time="1.513"/>
  <testcase classname="testcases.E2ETest" name="manageCourses" time="0.375"/>
  <testcase classname="testcases.E2ETest" name="addNewCourse" time="6.272"/>
  <testcase classname="testcases.E2ETest" name="deleteCourse" time="2.038"/>
  <testcase classname="testcases.E2ETest" name="signOut" time="1.399"/>
</testsuite> <!-- Default test -->
