<?xml version="1.0" encoding="UTF-8"?>
<!-- Generated by org.testng.reporters.JUnitXMLReporter -->
<testsuite ignored="0" hostname="LAPTOP-SAKML4AK" failures="0" tests="5" name="Default test" time="25.423" errors="0" timestamp="2023-04-24T15:04:30 IST">
  <testcase classname="testcases.E2ETesting" name="loginToApplication" time="2.643"/>
  <testcase classname="testcases.E2ETesting" name="manageCourses" time="0.43"/>
  <testcase classname="testcases.E2ETesting" name="AddCourseTest" time="4.115"/>
  <testcase classname="testcases.E2ETesting" name="deleteCourseTest" time="2.101"/>
  <testcase classname="testcases.E2ETesting" name="signOutTest" time="0.609"/>
</testsuite> <!-- Default test -->
