<?xml version="1.0" encoding="UTF-8"?>
<testng-results skipped="0" failed="1" ignored="0" total="2" passed="1">
  <reporter-output>
  </reporter-output>
  <suite name="LearnAutomation" duration-ms="38258" started-at="2023-04-19T19:12:49 IST" finished-at="2023-04-19T19:13:27 IST">
    <groups>
    </groups>
    <test name="SmokeTest" duration-ms="38258" started-at="2023-04-19T19:12:49 IST" finished-at="2023-04-19T19:13:27 IST">
      <class name="testcases.LoginTest">
        <test-method status="PASS" signature="setUpBrowser()[pri:0, instance:testcases.LoginTest@3aefe5e5]" name="setUpBrowser" is-config="true" duration-ms="13000" started-at="2023-04-19T19:12:53 IST" finished-at="2023-04-19T19:13:06 IST">
          <reporter-output>
          </reporter-output>
        </test-method> <!-- setUpBrowser -->
        <test-method status="PASS" signature="loginToApplication(java.lang.String,java.lang.String)[pri:0, instance:testcases.LoginTest@3aefe5e5]" name="loginToApplication" duration-ms="2526" started-at="2023-04-19T19:13:06 IST" data-provider="loginDetails" finished-at="2023-04-19T19:13:08 IST">
          <params>
            <param index="0">
              <value>
                <![CDATA[admin@email.com]]>
              </value>
            </param>
            <param index="1">
              <value>
                <![CDATA[admin@123]]>
              </value>
            </param>
          </params>
          <reporter-output>
          </reporter-output>
        </test-method> <!-- loginToApplication -->
        <test-method status="PASS" signature="closeBrowser()[pri:0, instance:testcases.LoginTest@3aefe5e5]" name="closeBrowser" is-config="true" duration-ms="1109" started-at="2023-04-19T19:13:09 IST" finished-at="2023-04-19T19:13:10 IST">
          <reporter-output>
          </reporter-output>
        </test-method> <!-- closeBrowser -->
        <test-method status="PASS" signature="setUpBrowser()[pri:0, instance:testcases.LoginTest@3aefe5e5]" name="setUpBrowser" is-config="true" duration-ms="4330" started-at="2023-04-19T19:13:10 IST" finished-at="2023-04-19T19:13:14 IST">
          <reporter-output>
          </reporter-output>
        </test-method> <!-- setUpBrowser -->
        <test-method status="FAIL" signature="loginToApplication(java.lang.String,java.lang.String)[pri:0, instance:testcases.LoginTest@3aefe5e5]" name="loginToApplication" duration-ms="11230" started-at="2023-04-19T19:13:14 IST" data-provider="loginDetails" finished-at="2023-04-19T19:13:25 IST">
          <params>
            <param index="0">
              <value>
                <![CDATA[dhruv@gmail.com]]>
              </value>
            </param>
            <param index="1">
              <value>
                <![CDATA[true]]>
              </value>
            </param>
          </params>
          <exception class="org.openqa.selenium.NoSuchElementException">
            <message>
              <![CDATA[no such element: Unable to locate element: {"method":"xpath","selector":"//button[text()='Cart']"}
  (Session info: MicrosoftEdge=111.0.1661.54)
For documentation on this error, please visit: https://selenium.dev/exceptions/#no_such_element
Build info: version: '4.8.0', revision: '267030adea'
System info: os.name: 'Windows 10', os.arch: 'amd64', os.version: '10.0', java.version: '1.8.0_202'
Driver info: org.openqa.selenium.edge.EdgeDriver
Command: [6b8078b953c7b0d68937eb6aa0e67132, findElement {using=xpath, value=//button[text()='Cart']}]
Capabilities {acceptInsecureCerts: false, browserName: msedge, browserVersion: 111.0.1661.54, ms:edgeOptions: {debuggerAddress: localhost:58188}, msedge: {msedgedriverVersion: 111.0.1661.62 (0a8f453929e6..., userDataDir: C:\Users\intel\AppData\Loca...}, networkConnectionEnabled: false, pageLoadStrategy: normal, platformName: WINDOWS, proxy: Proxy(), se:cdp: ws://localhost:58188/devtoo..., se:cdpVersion: 111.0.1661.54, setWindowRect: true, strictFileInteractability: false, timeouts: {implicit: 0, pageLoad: 300000, script: 30000}, unhandledPromptBehavior: dismiss and notify, webauthn:extension:credBlob: true, webauthn:extension:largeBlob: true, webauthn:extension:minPinLength: true, webauthn:extension:prf: true, webauthn:virtualAuthenticators: true}
Session ID: 6b8078b953c7b0d68937eb6aa0e67132]]>
            </message>
            <full-stacktrace>
              <![CDATA[org.openqa.selenium.NoSuchElementException: no such element: Unable to locate element: {"method":"xpath","selector":"//button[text()='Cart']"}
  (Session info: MicrosoftEdge=111.0.1661.54)
For documentation on this error, please visit: https://selenium.dev/exceptions/#no_such_element
Build info: version: '4.8.0', revision: '267030adea'
System info: os.name: 'Windows 10', os.arch: 'amd64', os.version: '10.0', java.version: '1.8.0_202'
Driver info: org.openqa.selenium.edge.EdgeDriver
Command: [6b8078b953c7b0d68937eb6aa0e67132, findElement {using=xpath, value=//button[text()='Cart']}]
Capabilities {acceptInsecureCerts: false, browserName: msedge, browserVersion: 111.0.1661.54, ms:edgeOptions: {debuggerAddress: localhost:58188}, msedge: {msedgedriverVersion: 111.0.1661.62 (0a8f453929e6..., userDataDir: C:\Users\intel\AppData\Loca...}, networkConnectionEnabled: false, pageLoadStrategy: normal, platformName: WINDOWS, proxy: Proxy(), se:cdp: ws://localhost:58188/devtoo..., se:cdpVersion: 111.0.1661.54, setWindowRect: true, strictFileInteractability: false, timeouts: {implicit: 0, pageLoad: 300000, script: 30000}, unhandledPromptBehavior: dismiss and notify, webauthn:extension:credBlob: true, webauthn:extension:largeBlob: true, webauthn:extension:minPinLength: true, webauthn:extension:prf: true, webauthn:virtualAuthenticators: true}
Session ID: 6b8078b953c7b0d68937eb6aa0e67132
at sun.reflect.NativeConstructorAccessorImpl.newInstance0(Native Method)
at sun.reflect.NativeConstructorAccessorImpl.newInstance(NativeConstructorAccessorImpl.java:62)
at sun.reflect.DelegatingConstructorAccessorImpl.newInstance(DelegatingConstructorAccessorImpl.java:45)
at java.lang.reflect.Constructor.newInstance(Constructor.java:423)
at org.openqa.selenium.remote.codec.w3c.W3CHttpResponseCodec.createException(W3CHttpResponseCodec.java:200)
at org.openqa.selenium.remote.codec.w3c.W3CHttpResponseCodec.decode(W3CHttpResponseCodec.java:133)
at org.openqa.selenium.remote.codec.w3c.W3CHttpResponseCodec.decode(W3CHttpResponseCodec.java:53)
at org.openqa.selenium.remote.HttpCommandExecutor.execute(HttpCommandExecutor.java:184)
at org.openqa.selenium.remote.service.DriverCommandExecutor.invokeExecute(DriverCommandExecutor.java:167)
at org.openqa.selenium.remote.service.DriverCommandExecutor.execute(DriverCommandExecutor.java:142)
at org.openqa.selenium.remote.RemoteWebDriver.execute(RemoteWebDriver.java:543)
at org.openqa.selenium.remote.ElementLocation$ElementFinder$2.findElement(ElementLocation.java:162)
at org.openqa.selenium.remote.ElementLocation.findElement(ElementLocation.java:60)
at org.openqa.selenium.remote.RemoteWebDriver.findElement(RemoteWebDriver.java:352)
at org.openqa.selenium.remote.RemoteWebDriver.findElement(RemoteWebDriver.java:344)
at testcases.LoginTest.loginToApplication(LoginTest.java:18)
at sun.reflect.NativeMethodAccessorImpl.invoke0(Native Method)
at sun.reflect.NativeMethodAccessorImpl.invoke(NativeMethodAccessorImpl.java:62)
at sun.reflect.DelegatingMethodAccessorImpl.invoke(DelegatingMethodAccessorImpl.java:43)
at java.lang.reflect.Method.invoke(Method.java:498)
at org.testng.internal.MethodInvocationHelper.invokeMethod(MethodInvocationHelper.java:133)
at org.testng.internal.TestInvoker.invokeMethod(TestInvoker.java:598)
at org.testng.internal.TestInvoker.invokeTestMethod(TestInvoker.java:173)
at org.testng.internal.MethodRunner.runInSequence(MethodRunner.java:46)
at org.testng.internal.TestInvoker$MethodInvocationAgent.invoke(TestInvoker.java:824)
at org.testng.internal.TestInvoker.invokeTestMethods(TestInvoker.java:146)
at org.testng.internal.TestMethodWorker.invokeTestMethods(TestMethodWorker.java:146)
at org.testng.internal.TestMethodWorker.run(TestMethodWorker.java:128)
at java.util.ArrayList.forEach(ArrayList.java:1257)
at org.testng.TestRunner.privateRun(TestRunner.java:794)
at org.testng.TestRunner.run(TestRunner.java:596)
at org.testng.SuiteRunner.runTest(SuiteRunner.java:377)
at org.testng.SuiteRunner.runSequentially(SuiteRunner.java:371)
at org.testng.SuiteRunner.privateRun(SuiteRunner.java:332)
at org.testng.SuiteRunner.run(SuiteRunner.java:276)
at org.testng.SuiteRunnerWorker.runSuite(SuiteRunnerWorker.java:53)
at org.testng.SuiteRunnerWorker.run(SuiteRunnerWorker.java:96)
at org.testng.TestNG.runSuitesSequentially(TestNG.java:1212)
at org.testng.TestNG.runSuitesLocally(TestNG.java:1134)
at org.testng.TestNG.runSuites(TestNG.java:1063)
at org.testng.TestNG.run(TestNG.java:1031)
at org.apache.maven.surefire.testng.TestNGExecutor.run(TestNGExecutor.java:324)
at org.apache.maven.surefire.testng.TestNGXmlTestSuite.execute(TestNGXmlTestSuite.java:74)
at org.apache.maven.surefire.testng.TestNGProvider.invoke(TestNGProvider.java:123)
at org.apache.maven.surefire.booter.ForkedBooter.runSuitesInProcess(ForkedBooter.java:456)
at org.apache.maven.surefire.booter.ForkedBooter.execute(ForkedBooter.java:169)
at org.apache.maven.surefire.booter.ForkedBooter.run(ForkedBooter.java:595)
at org.apache.maven.surefire.booter.ForkedBooter.main(ForkedBooter.java:581)
]]>
            </full-stacktrace>
          </exception> <!-- org.openqa.selenium.NoSuchElementException -->
          <reporter-output>
          </reporter-output>
        </test-method> <!-- loginToApplication -->
        <test-method status="PASS" signature="closeBrowser()[pri:0, instance:testcases.LoginTest@3aefe5e5]" name="closeBrowser" is-config="true" duration-ms="1271" started-at="2023-04-19T19:13:26 IST" finished-at="2023-04-19T19:13:27 IST">
          <reporter-output>
          </reporter-output>
        </test-method> <!-- closeBrowser -->
      </class> <!-- testcases.LoginTest -->
    </test> <!-- SmokeTest -->
  </suite> <!-- LearnAutomation -->
</testng-results>
