<?xml version="1.0" encoding="UTF-8"?>
<testng-results ignored="0" total="5" passed="5" failed="0" skipped="0">
  <reporter-output>
  </reporter-output>
  <suite started-at="2023-04-24T15:24:20 IST" name="AutomationUsingSelenium" finished-at="2023-04-24T15:24:43 IST" duration-ms="23266">
    <groups>
    </groups>
    <test started-at="2023-04-24T15:24:20 IST" name="E2E_Testing" finished-at="2023-04-24T15:24:43 IST" duration-ms="23266">
      <class name="testcases.E2ETesting">
        <test-method is-config="true" signature="setUpBrowser()[pri:0, instance:testcases.E2ETesting@20ca951f]" started-at="2023-04-24T15:24:20 IST" name="setUpBrowser" finished-at="2023-04-24T15:24:28 IST" duration-ms="8311" status="PASS">
          <reporter-output>
          </reporter-output>
        </test-method> <!-- setUpBrowser -->
        <test-method signature="loginToApplication(java.lang.String,java.lang.String)[pri:1, instance:testcases.E2ETesting@20ca951f]" started-at="2023-04-24T15:24:30 IST" name="loginToApplication" data-provider="loginDetails" finished-at="2023-04-24T15:24:33 IST" duration-ms="2635" status="PASS">
          <params>
            <param index="0">
              <value>
                <![CDATA[admin@email.com]]>
              </value>
            </param>
            <param index="1">
              <value>
                <![CDATA[admin@123]]>
              </value>
            </param>
          </params>
          <reporter-output>
          </reporter-output>
        </test-method> <!-- loginToApplication -->
        <test-method signature="manageCourses()[pri:2, instance:testcases.E2ETesting@20ca951f]" started-at="2023-04-24T15:24:33 IST" name="manageCourses" finished-at="2023-04-24T15:24:34 IST" duration-ms="394" status="PASS">
          <reporter-output>
          </reporter-output>
        </test-method> <!-- manageCourses -->
        <test-method signature="AddCourseTest(java.lang.String,java.lang.String,java.lang.String,java.lang.String,java.lang.String,java.lang.String,java.lang.String,java.lang.String,java.lang.String,java.lang.String)[pri:3, instance:testcases.E2ETesting@20ca951f]" started-at="2023-04-24T15:24:34 IST" name="AddCourseTest" data-provider="courseDetails" finished-at="2023-04-24T15:24:39 IST" duration-ms="4459" status="PASS">
          <params>
            <param index="0">
              <value>
                <![CDATA[Automation Testing Using Selenium]]>
              </value>
            </param>
            <param index="1">
              <value>
                <![CDATA[Selenium, BDD, Cucumber, Java]]>
              </value>
            </param>
            <param index="2">
              <value>
                <![CDATA[Mukesh Otwani]]>
              </value>
            </param>
            <param index="3">
              <value>
                <![CDATA[4800]]>
              </value>
            </param>
            <param index="4">
              <value>
                <![CDATA[June]]>
              </value>
            </param>
            <param index="5">
              <value>
                <![CDATA[August]]>
              </value>
            </param>
            <param index="6">
              <value>
                <![CDATA[1]]>
              </value>
            </param>
            <param index="7">
              <value>
                <![CDATA[30]]>
              </value>
            </param>
            <param index="8">
              <value>
                <![CDATA[Automation Testing]]>
              </value>
            </param>
            <param index="9">
              <value>
                <![CDATA[C:\\Users\\intel\\Documents\\Sunset.png]]>
              </value>
            </param>
          </params>
          <reporter-output>
          </reporter-output>
        </test-method> <!-- AddCourseTest -->
        <test-method signature="deleteCourseTest()[pri:4, instance:testcases.E2ETesting@20ca951f]" started-at="2023-04-24T15:24:39 IST" name="deleteCourseTest" finished-at="2023-04-24T15:24:41 IST" duration-ms="2103" status="PASS">
          <reporter-output>
          </reporter-output>
        </test-method> <!-- deleteCourseTest -->
        <test-method signature="signOutTest()[pri:5, instance:testcases.E2ETesting@20ca951f]" started-at="2023-04-24T15:24:41 IST" name="signOutTest" finished-at="2023-04-24T15:24:42 IST" duration-ms="579" status="PASS">
          <reporter-output>
          </reporter-output>
        </test-method> <!-- signOutTest -->
        <test-method is-config="true" signature="closeBrowser()[pri:0, instance:testcases.E2ETesting@20ca951f]" started-at="2023-04-24T15:24:42 IST" name="closeBrowser" finished-at="2023-04-24T15:24:43 IST" duration-ms="1225" status="PASS">
          <reporter-output>
          </reporter-output>
        </test-method> <!-- closeBrowser -->
      </class> <!-- testcases.E2ETesting -->
    </test> <!-- E2E_Testing -->
  </suite> <!-- AutomationUsingSelenium -->
</testng-results>
