<?xml version="1.0" encoding="UTF-8"?>
<testng-results ignored="0" total="5" passed="5" failed="0" skipped="0">
  <reporter-output>
  </reporter-output>
  <suite started-at="2023-04-30T10:44:36 IST" name="AutomationUsingSelenium" finished-at="2023-04-30T10:45:00 IST" duration-ms="24239">
    <groups>
    </groups>
    <test started-at="2023-04-30T10:44:36 IST" name="E2E_Testing" finished-at="2023-04-30T10:45:00 IST" duration-ms="24239">
      <class name="testcases.E2ETest">
        <test-method is-config="true" signature="setUpBrowser()[pri:0, instance:testcases.E2ETest@492691d7]" started-at="2023-04-30T10:44:36 IST" name="setUpBrowser" finished-at="2023-04-30T10:44:45 IST" duration-ms="9212" status="PASS">
          <reporter-output>
          </reporter-output>
        </test-method> <!-- setUpBrowser -->
        <test-method signature="loginToApplication(java.lang.String,java.lang.String)[pri:1, instance:testcases.E2ETest@492691d7]" started-at="2023-04-30T10:44:47 IST" name="loginToApplication" data-provider="loginDetails" finished-at="2023-04-30T10:44:48 IST" duration-ms="1208" status="PASS">
          <params>
            <param index="0">
              <value>
                <![CDATA[admin@email.com]]>
              </value>
            </param>
            <param index="1">
              <value>
                <![CDATA[admin@123]]>
              </value>
            </param>
          </params>
          <reporter-output>
          </reporter-output>
        </test-method> <!-- loginToApplication -->
        <test-method signature="manageCourses()[pri:2, instance:testcases.E2ETest@492691d7]" started-at="2023-04-30T10:44:48 IST" name="manageCourses" finished-at="2023-04-30T10:44:48 IST" duration-ms="361" status="PASS">
          <reporter-output>
          </reporter-output>
        </test-method> <!-- manageCourses -->
        <test-method signature="addNewCourse(java.lang.String,java.lang.String,java.lang.String,java.lang.String,java.lang.String,java.lang.String,java.lang.String,java.lang.String,java.lang.String,java.lang.String)[pri:3, instance:testcases.E2ETest@492691d7]" started-at="2023-04-30T10:44:49 IST" name="addNewCourse" data-provider="courseDetails" finished-at="2023-04-30T10:44:54 IST" duration-ms="5537" status="PASS">
          <params>
            <param index="0">
              <value>
                <![CDATA[C:\\Users\\intel\\Documents\\Sunset.png]]>
              </value>
            </param>
            <param index="1">
              <value>
                <![CDATA[Selenium Using Java]]>
              </value>
            </param>
            <param index="2">
              <value>
                <![CDATA[Selenium, Java, BDD, Cucumber]]>
              </value>
            </param>
            <param index="3">
              <value>
                <![CDATA[Mukesh]]>
              </value>
            </param>
            <param index="4">
              <value>
                <![CDATA[8000]]>
              </value>
            </param>
            <param index="5">
              <value>
                <![CDATA[Automation Testing]]>
              </value>
            </param>
            <param index="6">
              <value>
                <![CDATA[20]]>
              </value>
            </param>
            <param index="7">
              <value>
                <![CDATA[20]]>
              </value>
            </param>
            <param index="8">
              <value>
                <![CDATA[August]]>
              </value>
            </param>
            <param index="9">
              <value>
                <![CDATA[October]]>
              </value>
            </param>
          </params>
          <reporter-output>
          </reporter-output>
        </test-method> <!-- addNewCourse -->
        <test-method signature="deleteCourse()[pri:4, instance:testcases.E2ETest@492691d7]" started-at="2023-04-30T10:44:55 IST" name="deleteCourse" finished-at="2023-04-30T10:44:57 IST" duration-ms="2056" status="PASS">
          <reporter-output>
          </reporter-output>
        </test-method> <!-- deleteCourse -->
        <test-method signature="signOut()[pri:5, instance:testcases.E2ETest@492691d7]" started-at="2023-04-30T10:44:57 IST" name="signOut" finished-at="2023-04-30T10:44:58 IST" duration-ms="1316" status="PASS">
          <reporter-output>
          </reporter-output>
        </test-method> <!-- signOut -->
        <test-method is-config="true" signature="closeBrowser()[pri:0, instance:testcases.E2ETest@492691d7]" started-at="2023-04-30T10:44:59 IST" name="closeBrowser" finished-at="2023-04-30T10:45:00 IST" duration-ms="1144" status="PASS">
          <reporter-output>
          </reporter-output>
        </test-method> <!-- closeBrowser -->
      </class> <!-- testcases.E2ETest -->
    </test> <!-- E2E_Testing -->
  </suite> <!-- AutomationUsingSelenium -->
</testng-results>
