<?xml version="1.0" encoding="UTF-8"?>
<testng-results ignored="0" total="5" passed="5" failed="0" skipped="0">
  <reporter-output>
  </reporter-output>
  <suite started-at="2023-05-22T10:18:25 IST" name="AutomationUsingSelenium" finished-at="2023-05-22T10:19:14 IST" duration-ms="48505">
    <groups>
    </groups>
    <test started-at="2023-05-22T10:18:25 IST" name="E2E_Testing" finished-at="2023-05-22T10:19:14 IST" duration-ms="48505">
      <class name="testcases.E2ETest">
        <test-method is-config="true" signature="setUpBrowser()[pri:0, instance:testcases.E2ETest@492691d7]" started-at="2023-05-22T10:18:25 IST" name="setUpBrowser" finished-at="2023-05-22T10:18:55 IST" duration-ms="29873" status="PASS">
          <reporter-output>
          </reporter-output>
        </test-method> <!-- setUpBrowser -->
        <test-method signature="loginToApplication(java.lang.String,java.lang.String)[pri:1, instance:testcases.E2ETest@492691d7]" started-at="2023-05-22T10:18:58 IST" name="loginToApplication" data-provider="loginDetails" finished-at="2023-05-22T10:18:59 IST" duration-ms="1937" status="PASS">
          <params>
            <param index="0">
              <value>
                <![CDATA[admin@email.com]]>
              </value>
            </param>
            <param index="1">
              <value>
                <![CDATA[admin@123]]>
              </value>
            </param>
          </params>
          <reporter-output>
          </reporter-output>
        </test-method> <!-- loginToApplication -->
        <test-method signature="manageCourses()[pri:2, instance:testcases.E2ETest@492691d7]" started-at="2023-05-22T10:19:00 IST" name="manageCourses" finished-at="2023-05-22T10:19:01 IST" duration-ms="574" status="PASS">
          <reporter-output>
          </reporter-output>
        </test-method> <!-- manageCourses -->
        <test-method signature="addNewCourse(java.lang.String,java.lang.String,java.lang.String,java.lang.String,java.lang.String,java.lang.String,java.lang.String,java.lang.String,java.lang.String,java.lang.String)[pri:3, instance:testcases.E2ETest@492691d7]" started-at="2023-05-22T10:19:01 IST" name="addNewCourse" data-provider="courseDetails" finished-at="2023-05-22T10:19:08 IST" duration-ms="7295" status="PASS">
          <params>
            <param index="0">
              <value>
                <![CDATA[C:\\Users\\intel\\Documents\\Sunset.png]]>
              </value>
            </param>
            <param index="1">
              <value>
                <![CDATA[Selenium Using Java]]>
              </value>
            </param>
            <param index="2">
              <value>
                <![CDATA[Selenium, Java, BDD, Cucumber]]>
              </value>
            </param>
            <param index="3">
              <value>
                <![CDATA[Mukesh]]>
              </value>
            </param>
            <param index="4">
              <value>
                <![CDATA[8000]]>
              </value>
            </param>
            <param index="5">
              <value>
                <![CDATA[Automation Testing]]>
              </value>
            </param>
            <param index="6">
              <value>
                <![CDATA[20]]>
              </value>
            </param>
            <param index="7">
              <value>
                <![CDATA[20]]>
              </value>
            </param>
            <param index="8">
              <value>
                <![CDATA[August]]>
              </value>
            </param>
            <param index="9">
              <value>
                <![CDATA[October]]>
              </value>
            </param>
          </params>
          <reporter-output>
          </reporter-output>
        </test-method> <!-- addNewCourse -->
        <test-method signature="deleteCourse()[pri:4, instance:testcases.E2ETest@492691d7]" started-at="2023-05-22T10:19:09 IST" name="deleteCourse" finished-at="2023-05-22T10:19:11 IST" duration-ms="2133" status="PASS">
          <reporter-output>
          </reporter-output>
        </test-method> <!-- deleteCourse -->
        <test-method signature="signOut()[pri:5, instance:testcases.E2ETest@492691d7]" started-at="2023-05-22T10:19:11 IST" name="signOut" finished-at="2023-05-22T10:19:13 IST" duration-ms="1626" status="PASS">
          <reporter-output>
          </reporter-output>
        </test-method> <!-- signOut -->
        <test-method is-config="true" signature="closeBrowser()[pri:0, instance:testcases.E2ETest@492691d7]" started-at="2023-05-22T10:19:13 IST" name="closeBrowser" finished-at="2023-05-22T10:19:14 IST" duration-ms="522" status="PASS">
          <reporter-output>
          </reporter-output>
        </test-method> <!-- closeBrowser -->
      </class> <!-- testcases.E2ETest -->
    </test> <!-- E2E_Testing -->
  </suite> <!-- AutomationUsingSelenium -->
</testng-results>
