<?xml version="1.0" encoding="UTF-8"?>
<!-- Generated by org.testng.reporters.JUnitXMLReporter -->
<testsuite ignored="0" hostname="LAPTOP-SAKML4AK" failures="0" tests="5" name="E2E_Testing" time="48.505" errors="0" timestamp="2023-05-22T10:19:14 IST">
  <testcase classname="testcases.E2ETest" name="loginToApplication" time="1.937"/>
  <testcase classname="testcases.E2ETest" name="manageCourses" time="0.574"/>
  <testcase classname="testcases.E2ETest" name="addNewCourse" time="7.295"/>
  <testcase classname="testcases.E2ETest" name="deleteCourse" time="2.133"/>
  <testcase classname="testcases.E2ETest" name="signOut" time="1.626"/>
</testsuite> <!-- E2E_Testing -->
