<?xml version="1.0" encoding="UTF-8"?>
<!-- Generated by org.testng.reporters.JUnitXMLReporter -->
<testsuite ignored="0" hostname="LAPTOP-SAKML4AK" failures="0" tests="5" name="E2E_Testing" time="30.674" errors="0" timestamp="2023-04-29T19:28:26 IST">
  <testcase classname="testcases.E2ETest" name="loginToApplication" time="1.716"/>
  <testcase classname="testcases.E2ETest" name="manageCourses" time="0.349"/>
  <testcase classname="testcases.E2ETest" name="addNewCourse" time="5.659"/>
  <testcase classname="testcases.E2ETest" name="deleteCourse" time="2.103"/>
  <testcase classname="testcases.E2ETest" name="signOut" time="1.555"/>
</testsuite> <!-- E2E_Testing -->
